<?xml version="1.0" encoding="UTF-8"?>
<!-- Generated by org.testng.reporters.JUnitReportReporter -->
<testsuite skipped="0" hostname="CIBI-PC" name="com.sam.Sample" tests="3" failures="0" timestamp="02 Aug 2022 00:18:59 GMT" time="37.499" errors="0">
  <testcase name="amazon" time="19.811" classname="com.sam.Sample"/>
  <testcase name="google" time="7.741" classname="com.sam.Sample"/>
  <testcase name="flip" time="9.947" classname="com.sam.Sample"/>
</testsuite> <!-- com.sam.Sample -->
