<?xml version="1.0" encoding="UTF-8"?>
<!-- Generated by org.testng.reporters.JUnitReportReporter -->
<testsuite skipped="0" hostname="CIBI-PC" name="com.sam.Sample" tests="3" failures="0" timestamp="02 Aug 2022 01:28:29 GMT" time="51.339" errors="0">
  <testcase name="amazon" time="17.814" classname="com.sam.Sample"/>
  <testcase name="google" time="19.809" classname="com.sam.Sample"/>
  <testcase name="flip" time="13.716" classname="com.sam.Sample"/>
</testsuite> <!-- com.sam.Sample -->
